e:\src\iot\zelig-pr\zelig\zelig\compiletime\codegenerator\llvmir\x64\debug\assemblyinfo.obj
e:\src\iot\llilum-pr\zelig\zelig\compiletime\codegenerator\llvmir\x64\debug\vc120.pdb
e:\src\iot\llilum-pr\zelig\zelig\compiletime\codegenerator\llvmir\x64\debug\value.obj
e:\src\iot\llilum-pr\zelig\zelig\compiletime\codegenerator\llvmir\x64\debug\type.obj
e:\src\iot\llilum-pr\zelig\zelig\compiletime\codegenerator\llvmir\x64\debug\module.obj
e:\src\iot\llilum-pr\zelig\zelig\compiletime\codegenerator\llvmir\x64\debug\basicblock.obj
e:\src\iot\llilum-pr\zelig\zelig\compiletime\codegenerator\llvmir\x64\debug\assemblyinfo.obj
e:\src\iot\llilum-pr\zelig\zelig\compiletime\codegenerator\llvmir\x64\debug\.netframework,version=v4.5.assemblyattributes.obj
e:\src\iot\zelig-pr\zelig\zeligbuild\host\bin\x64\llvmir.dll
e:\src\iot\zelig-pr\zelig\zeligbuild\host\bin\x64\llvmir.pdb
e:\src\iot\llilum-pr\zelig\zeligbuild\host\bin\x64\llvmir.dll
e:\src\iot\llilum-pr\zelig\zeligbuild\host\bin\x64\llvmir.pdb
e:\src\iot\llilum-pr\zelig\zelig\compiletime\codegenerator\llvmir\x64\debug\llvmir.vcxprojresolveassemblyreference.cache
e:\src\iot\llilum-pr\zelig\zelig\..\zeligbuild\host\bin\x64\llvmir.pdb
e:\src\iot\llilum-pr\zelig\zelig\..\zeligbuild\host\bin\x64\llvmir.dll
e:\src\iot\llilum-pr\zelig\zelig\compiletime\codegenerator\llvmir\x64\debug\llvmir.tlog\cl.command.1.tlog
e:\src\iot\llilum-pr\zelig\zelig\compiletime\codegenerator\llvmir\x64\debug\llvmir.tlog\cl.read.1.tlog
e:\src\iot\llilum-pr\zelig\zelig\compiletime\codegenerator\llvmir\x64\debug\llvmir.tlog\cl.write.1.tlog
e:\src\iot\llilum-pr\zelig\zelig\compiletime\codegenerator\llvmir\x64\debug\llvmir.tlog\link.command.1.tlog
e:\src\iot\llilum-pr\zelig\zelig\compiletime\codegenerator\llvmir\x64\debug\llvmir.tlog\link.read.1.tlog
e:\src\iot\llilum-pr\zelig\zelig\compiletime\codegenerator\llvmir\x64\debug\llvmir.tlog\link.write.1.tlog
e:\src\iot\llilum-pr\zelig\zelig\compiletime\codegenerator\llvmir\x64\debug\llvmir.tlog\metagen.read.1.tlog
e:\src\iot\llilum-pr\zelig\zelig\compiletime\codegenerator\llvmir\x64\debug\llvmir.tlog\metagen.write.1.tlog
e:\src\iot\llilum-pr\zelig\zelig\compiletime\codegenerator\llvmir\x64\debug\llvmir.tlog\rsaenh.dll.bi
e:\src\iot\llilum-pr\zelig\zelig\compiletime\codegenerator\llvmir\x64\debug\llvmir.tlog\tzres.dll.bi
